nohup: ignoring input
Processing uno (platform: atmelavr; board: uno; framework: arduino)
--------------------------------------------------------------------------------
Verbose mode can be enabled via `-v, --verbose` option
CONFIGURATION: https://docs.platformio.org/page/boards/atmelavr/uno.html
PLATFORM: Atmel AVR (5.3.0) > Arduino Uno
HARDWARE: ATMEGA328P 16MHz, 2KB RAM, 31.50KB Flash
DEBUG: Current (avr-stub) External (avr-stub, simavr)
PACKAGES: 
 - framework-arduino-avr @ 5.4.0 
 - tool-avrdude @ 1.60300.200527 (6.3.0) 
 - toolchain-atmelavr @ 1.70300.191015 (7.3.0)
LDF: Library Dependency Finder -> https://bit.ly/configure-pio-ldf
LDF Modes: Finder ~ chain, Compatibility ~ soft
Found 5 compatible libraries
Scanning dependencies...
No dependencies
Building in release mode
Compiling .pio\build\uno\src\main.cpp.o
Linking .pio\build\uno\firmware.elf
Checking size .pio\build\uno\firmware.elf
Advanced Memory Usage is available via "PlatformIO Home > Project Inspect"
RAM:   [=         ]  10.4% (used 212 bytes from 2048 bytes)
Flash: [=         ]   8.8% (used 2838 bytes from 32256 bytes)
Building .pio\build\uno\firmware.hex
Configuring upload protocol...
AVAILABLE: arduino
CURRENT: upload_protocol = arduino
Looking for upload port...
Using manually specified: COM4
Uploading .pio\build\uno\firmware.hex

avrdude: AVR device initialized and ready to accept instructions

Reading | ################################################## | 100% 0.00s

avrdude: Device signature = 0x1e950f (probably m328p)
avrdude: reading input file ".pio\build\uno\firmware.hex"
avrdude: writing flash (2838 bytes):

Writing | ################################################## | 100% 0.45s

avrdude: 2838 bytes of flash written
avrdude: verifying flash memory against .pio\build\uno\firmware.hex:
avrdude: load data flash data from input file .pio\build\uno\firmware.hex:
avrdude: input file .pio\build\uno\firmware.hex contains 2838 bytes
avrdude: reading on-chip flash data:

Reading | ################################################## | 100% 0.35s

avrdude: verifying ...
avrdude: 2838 bytes of flash verified

avrdude: safemode: Fuses OK (E:00, H:00, L:00)

avrdude done.  Thank you.

========================= [SUCCESS] Took 7.91 seconds =========================
