----------------------------------------
Exception happened during processing of request from ('127.0.0.1', 65334)
Traceback (most recent call last):
  File "C:\Users\user\AppData\Local\Programs\Python\Python38\lib\socketserver.py", line 650, in process_request_thread
    self.finish_request(request, client_address)
  File "C:\Users\user\AppData\Local\Programs\Python\Python38\lib\socketserver.py", line 360, in finish_request
    self.RequestHandlerClass(request, client_address, self)
  File "C:\Users\user\AppData\Local\Programs\Python\Python38\lib\socketserver.py", line 720, in __init__
    self.handle()
  File "C:\Users\user\AppData\Local\Programs\Python\Python38\lib\http\server.py", line 428, in handle
    self.handle_one_request()
  File "C:\Users\user\AppData\Local\Programs\Python\Python38\lib\http\server.py", line 394, in handle_one_request
    self.raw_requestline = self.rfile.readline(65537)
  File "C:\Users\user\AppData\Local\Programs\Python\Python38\lib\socket.py", line 669, in readinto
    return self._sock.recv_into(b)
ConnectionAbortedError: [WinError 10053] An established connection was aborted by the software in your host machine
----------------------------------------
----------------------------------------
Exception happened during processing of request from ('127.0.0.1', 52991)
Traceback (most recent call last):
  File "C:\Users\user\AppData\Local\Programs\Python\Python38\lib\socketserver.py", line 650, in process_request_thread
    self.finish_request(request, client_address)
  File "C:\Users\user\AppData\Local\Programs\Python\Python38\lib\socketserver.py", line 360, in finish_request
    self.RequestHandlerClass(request, client_address, self)
  File "C:\Users\user\AppData\Local\Programs\Python\Python38\lib\socketserver.py", line 720, in __init__
    self.handle()
  File "C:\Users\user\AppData\Local\Programs\Python\Python38\lib\http\server.py", line 428, in handle
    self.handle_one_request()
  File "C:\Users\user\AppData\Local\Programs\Python\Python38\lib\http\server.py", line 394, in handle_one_request
    self.raw_requestline = self.rfile.readline(65537)
  File "C:\Users\user\AppData\Local\Programs\Python\Python38\lib\socket.py", line 669, in readinto
    return self._sock.recv_into(b)
ConnectionAbortedError: [WinError 10053] An established connection was aborted by the software in your host machine
----------------------------------------
----------------------------------------
Exception happened during processing of request from ('127.0.0.1', 53593)
Traceback (most recent call last):
  File "C:\Users\user\AppData\Local\Programs\Python\Python38\lib\socketserver.py", line 650, in process_request_thread
    self.finish_request(request, client_address)
  File "C:\Users\user\AppData\Local\Programs\Python\Python38\lib\socketserver.py", line 360, in finish_request
    self.RequestHandlerClass(request, client_address, self)
  File "C:\Users\user\AppData\Local\Programs\Python\Python38\lib\socketserver.py", line 720, in __init__
    self.handle()
  File "C:\Users\user\AppData\Local\Programs\Python\Python38\lib\http\server.py", line 428, in handle
    self.handle_one_request()
  File "C:\Users\user\AppData\Local\Programs\Python\Python38\lib\http\server.py", line 394, in handle_one_request
    self.raw_requestline = self.rfile.readline(65537)
  File "C:\Users\user\AppData\Local\Programs\Python\Python38\lib\socket.py", line 669, in readinto
    return self._sock.recv_into(b)
ConnectionAbortedError: [WinError 10053] An established connection was aborted by the software in your host machine
----------------------------------------
----------------------------------------
Exception happened during processing of request from ('127.0.0.1', 53612)
Traceback (most recent call last):
  File "C:\Users\user\AppData\Local\Programs\Python\Python38\lib\socketserver.py", line 650, in process_request_thread
    self.finish_request(request, client_address)
  File "C:\Users\user\AppData\Local\Programs\Python\Python38\lib\socketserver.py", line 360, in finish_request
    self.RequestHandlerClass(request, client_address, self)
  File "C:\Users\user\AppData\Local\Programs\Python\Python38\lib\socketserver.py", line 720, in __init__
    self.handle()
  File "C:\Users\user\AppData\Local\Programs\Python\Python38\lib\http\server.py", line 428, in handle
    self.handle_one_request()
  File "C:\Users\user\AppData\Local\Programs\Python\Python38\lib\http\server.py", line 394, in handle_one_request
    self.raw_requestline = self.rfile.readline(65537)
  File "C:\Users\user\AppData\Local\Programs\Python\Python38\lib\socket.py", line 669, in readinto
    return self._sock.recv_into(b)
ConnectionAbortedError: [WinError 10053] An established connection was aborted by the software in your host machine
----------------------------------------
----------------------------------------
Exception happened during processing of request from ('127.0.0.1', 53637)
Traceback (most recent call last):
  File "C:\Users\user\AppData\Local\Programs\Python\Python38\lib\socketserver.py", line 650, in process_request_thread
    self.finish_request(request, client_address)
  File "C:\Users\user\AppData\Local\Programs\Python\Python38\lib\socketserver.py", line 360, in finish_request
    self.RequestHandlerClass(request, client_address, self)
  File "C:\Users\user\AppData\Local\Programs\Python\Python38\lib\socketserver.py", line 720, in __init__
    self.handle()
  File "C:\Users\user\AppData\Local\Programs\Python\Python38\lib\http\server.py", line 428, in handle
    self.handle_one_request()
  File "C:\Users\user\AppData\Local\Programs\Python\Python38\lib\http\server.py", line 394, in handle_one_request
    self.raw_requestline = self.rfile.readline(65537)
  File "C:\Users\user\AppData\Local\Programs\Python\Python38\lib\socket.py", line 669, in readinto
    return self._sock.recv_into(b)
ConnectionAbortedError: [WinError 10053] An established connection was aborted by the software in your host machine
----------------------------------------
----------------------------------------
Exception happened during processing of request from ('127.0.0.1', 60365)
Traceback (most recent call last):
  File "C:\Users\user\AppData\Local\Programs\Python\Python38\lib\socketserver.py", line 650, in process_request_thread
    self.finish_request(request, client_address)
  File "C:\Users\user\AppData\Local\Programs\Python\Python38\lib\socketserver.py", line 360, in finish_request
    self.RequestHandlerClass(request, client_address, self)
  File "C:\Users\user\AppData\Local\Programs\Python\Python38\lib\socketserver.py", line 720, in __init__
    self.handle()
  File "C:\Users\user\AppData\Local\Programs\Python\Python38\lib\http\server.py", line 428, in handle
    self.handle_one_request()
  File "C:\Users\user\AppData\Local\Programs\Python\Python38\lib\http\server.py", line 394, in handle_one_request
    self.raw_requestline = self.rfile.readline(65537)
  File "C:\Users\user\AppData\Local\Programs\Python\Python38\lib\socket.py", line 669, in readinto
    return self._sock.recv_into(b)
ConnectionAbortedError: [WinError 10053] An established connection was aborted by the software in your host machine
----------------------------------------
----------------------------------------
Exception happened during processing of request from ('127.0.0.1', 63890)
Traceback (most recent call last):
  File "C:\Users\user\AppData\Local\Programs\Python\Python38\lib\socketserver.py", line 650, in process_request_thread
    self.finish_request(request, client_address)
  File "C:\Users\user\AppData\Local\Programs\Python\Python38\lib\socketserver.py", line 360, in finish_request
    self.RequestHandlerClass(request, client_address, self)
  File "C:\Users\user\AppData\Local\Programs\Python\Python38\lib\socketserver.py", line 720, in __init__
    self.handle()
  File "C:\Users\user\AppData\Local\Programs\Python\Python38\lib\http\server.py", line 428, in handle
    self.handle_one_request()
  File "C:\Users\user\AppData\Local\Programs\Python\Python38\lib\http\server.py", line 394, in handle_one_request
    self.raw_requestline = self.rfile.readline(65537)
  File "C:\Users\user\AppData\Local\Programs\Python\Python38\lib\socket.py", line 669, in readinto
    return self._sock.recv_into(b)
ConnectionAbortedError: [WinError 10053] An established connection was aborted by the software in your host machine
----------------------------------------
----------------------------------------
Exception happened during processing of request from ('127.0.0.1', 64412)
Traceback (most recent call last):
  File "C:\Users\user\AppData\Local\Programs\Python\Python38\lib\socketserver.py", line 650, in process_request_thread
    self.finish_request(request, client_address)
  File "C:\Users\user\AppData\Local\Programs\Python\Python38\lib\socketserver.py", line 360, in finish_request
    self.RequestHandlerClass(request, client_address, self)
  File "C:\Users\user\AppData\Local\Programs\Python\Python38\lib\socketserver.py", line 720, in __init__
    self.handle()
  File "C:\Users\user\AppData\Local\Programs\Python\Python38\lib\http\server.py", line 428, in handle
    self.handle_one_request()
  File "C:\Users\user\AppData\Local\Programs\Python\Python38\lib\http\server.py", line 394, in handle_one_request
    self.raw_requestline = self.rfile.readline(65537)
  File "C:\Users\user\AppData\Local\Programs\Python\Python38\lib\socket.py", line 669, in readinto
    return self._sock.recv_into(b)
ConnectionAbortedError: [WinError 10053] An established connection was aborted by the software in your host machine
----------------------------------------
----------------------------------------
Exception happened during processing of request from ('127.0.0.1', 64626)
Traceback (most recent call last):
  File "C:\Users\user\AppData\Local\Programs\Python\Python38\lib\socketserver.py", line 650, in process_request_thread
    self.finish_request(request, client_address)
  File "C:\Users\user\AppData\Local\Programs\Python\Python38\lib\socketserver.py", line 360, in finish_request
    self.RequestHandlerClass(request, client_address, self)
  File "C:\Users\user\AppData\Local\Programs\Python\Python38\lib\socketserver.py", line 720, in __init__
    self.handle()
  File "C:\Users\user\AppData\Local\Programs\Python\Python38\lib\http\server.py", line 428, in handle
    self.handle_one_request()
  File "C:\Users\user\AppData\Local\Programs\Python\Python38\lib\http\server.py", line 394, in handle_one_request
    self.raw_requestline = self.rfile.readline(65537)
  File "C:\Users\user\AppData\Local\Programs\Python\Python38\lib\socket.py", line 669, in readinto
    return self._sock.recv_into(b)
ConnectionAbortedError: [WinError 10053] An established connection was aborted by the software in your host machine
----------------------------------------
----------------------------------------
Exception happened during processing of request from ('127.0.0.1', 64653)
Traceback (most recent call last):
  File "C:\Users\user\AppData\Local\Programs\Python\Python38\lib\socketserver.py", line 650, in process_request_thread
    self.finish_request(request, client_address)
  File "C:\Users\user\AppData\Local\Programs\Python\Python38\lib\socketserver.py", line 360, in finish_request
    self.RequestHandlerClass(request, client_address, self)
  File "C:\Users\user\AppData\Local\Programs\Python\Python38\lib\socketserver.py", line 720, in __init__
    self.handle()
  File "C:\Users\user\AppData\Local\Programs\Python\Python38\lib\http\server.py", line 428, in handle
    self.handle_one_request()
  File "C:\Users\user\AppData\Local\Programs\Python\Python38\lib\http\server.py", line 394, in handle_one_request
    self.raw_requestline = self.rfile.readline(65537)
  File "C:\Users\user\AppData\Local\Programs\Python\Python38\lib\socket.py", line 669, in readinto
    return self._sock.recv_into(b)
ConnectionAbortedError: [WinError 10053] An established connection was aborted by the software in your host machine
----------------------------------------
----------------------------------------
Exception happened during processing of request from ('127.0.0.1', 65236)
Traceback (most recent call last):
  File "C:\Users\user\AppData\Local\Programs\Python\Python38\lib\socketserver.py", line 650, in process_request_thread
    self.finish_request(request, client_address)
  File "C:\Users\user\AppData\Local\Programs\Python\Python38\lib\socketserver.py", line 360, in finish_request
    self.RequestHandlerClass(request, client_address, self)
  File "C:\Users\user\AppData\Local\Programs\Python\Python38\lib\socketserver.py", line 720, in __init__
    self.handle()
  File "C:\Users\user\AppData\Local\Programs\Python\Python38\lib\http\server.py", line 428, in handle
    self.handle_one_request()
  File "C:\Users\user\AppData\Local\Programs\Python\Python38\lib\http\server.py", line 394, in handle_one_request
    self.raw_requestline = self.rfile.readline(65537)
  File "C:\Users\user\AppData\Local\Programs\Python\Python38\lib\socket.py", line 669, in readinto
    return self._sock.recv_into(b)
ConnectionAbortedError: [WinError 10053] An established connection was aborted by the software in your host machine
----------------------------------------
----------------------------------------
Exception happened during processing of request from ('127.0.0.1', 65510)
Traceback (most recent call last):
  File "C:\Users\user\AppData\Local\Programs\Python\Python38\lib\socketserver.py", line 650, in process_request_thread
    self.finish_request(request, client_address)
  File "C:\Users\user\AppData\Local\Programs\Python\Python38\lib\socketserver.py", line 360, in finish_request
    self.RequestHandlerClass(request, client_address, self)
  File "C:\Users\user\AppData\Local\Programs\Python\Python38\lib\socketserver.py", line 720, in __init__
    self.handle()
  File "C:\Users\user\AppData\Local\Programs\Python\Python38\lib\http\server.py", line 428, in handle
    self.handle_one_request()
  File "C:\Users\user\AppData\Local\Programs\Python\Python38\lib\http\server.py", line 394, in handle_one_request
    self.raw_requestline = self.rfile.readline(65537)
  File "C:\Users\user\AppData\Local\Programs\Python\Python38\lib\socket.py", line 669, in readinto
    return self._sock.recv_into(b)
ConnectionAbortedError: [WinError 10053] An established connection was aborted by the software in your host machine
----------------------------------------
----------------------------------------
Exception happened during processing of request from ('127.0.0.1', 49429)
Traceback (most recent call last):
  File "C:\Users\user\AppData\Local\Programs\Python\Python38\lib\socketserver.py", line 650, in process_request_thread
    self.finish_request(request, client_address)
  File "C:\Users\user\AppData\Local\Programs\Python\Python38\lib\socketserver.py", line 360, in finish_request
    self.RequestHandlerClass(request, client_address, self)
  File "C:\Users\user\AppData\Local\Programs\Python\Python38\lib\socketserver.py", line 720, in __init__
    self.handle()
  File "C:\Users\user\AppData\Local\Programs\Python\Python38\lib\http\server.py", line 428, in handle
    self.handle_one_request()
  File "C:\Users\user\AppData\Local\Programs\Python\Python38\lib\http\server.py", line 394, in handle_one_request
    self.raw_requestline = self.rfile.readline(65537)
  File "C:\Users\user\AppData\Local\Programs\Python\Python38\lib\socket.py", line 669, in readinto
    return self._sock.recv_into(b)
ConnectionAbortedError: [WinError 10053] An established connection was aborted by the software in your host machine
----------------------------------------
----------------------------------------
Exception happened during processing of request from ('127.0.0.1', 50241)
Traceback (most recent call last):
  File "C:\Users\user\AppData\Local\Programs\Python\Python38\lib\socketserver.py", line 650, in process_request_thread
    self.finish_request(request, client_address)
  File "C:\Users\user\AppData\Local\Programs\Python\Python38\lib\socketserver.py", line 360, in finish_request
    self.RequestHandlerClass(request, client_address, self)
  File "C:\Users\user\AppData\Local\Programs\Python\Python38\lib\socketserver.py", line 720, in __init__
    self.handle()
  File "C:\Users\user\AppData\Local\Programs\Python\Python38\lib\http\server.py", line 428, in handle
    self.handle_one_request()
  File "C:\Users\user\AppData\Local\Programs\Python\Python38\lib\http\server.py", line 394, in handle_one_request
    self.raw_requestline = self.rfile.readline(65537)
  File "C:\Users\user\AppData\Local\Programs\Python\Python38\lib\socket.py", line 669, in readinto
    return self._sock.recv_into(b)
ConnectionAbortedError: [WinError 10053] An established connection was aborted by the software in your host machine
----------------------------------------
----------------------------------------
Exception happened during processing of request from ('127.0.0.1', 50482)
Traceback (most recent call last):
  File "C:\Users\user\AppData\Local\Programs\Python\Python38\lib\socketserver.py", line 650, in process_request_thread
    self.finish_request(request, client_address)
  File "C:\Users\user\AppData\Local\Programs\Python\Python38\lib\socketserver.py", line 360, in finish_request
    self.RequestHandlerClass(request, client_address, self)
  File "C:\Users\user\AppData\Local\Programs\Python\Python38\lib\socketserver.py", line 720, in __init__
    self.handle()
  File "C:\Users\user\AppData\Local\Programs\Python\Python38\lib\http\server.py", line 428, in handle
    self.handle_one_request()
  File "C:\Users\user\AppData\Local\Programs\Python\Python38\lib\http\server.py", line 394, in handle_one_request
    self.raw_requestline = self.rfile.readline(65537)
  File "C:\Users\user\AppData\Local\Programs\Python\Python38\lib\socket.py", line 669, in readinto
    return self._sock.recv_into(b)
ConnectionAbortedError: [WinError 10053] An established connection was aborted by the software in your host machine
----------------------------------------
----------------------------------------
Exception happened during processing of request from ('127.0.0.1', 50672)
Traceback (most recent call last):
  File "C:\Users\user\AppData\Local\Programs\Python\Python38\lib\socketserver.py", line 650, in process_request_thread
    self.finish_request(request, client_address)
  File "C:\Users\user\AppData\Local\Programs\Python\Python38\lib\socketserver.py", line 360, in finish_request
    self.RequestHandlerClass(request, client_address, self)
  File "C:\Users\user\AppData\Local\Programs\Python\Python38\lib\socketserver.py", line 720, in __init__
    self.handle()
  File "C:\Users\user\AppData\Local\Programs\Python\Python38\lib\http\server.py", line 428, in handle
    self.handle_one_request()
  File "C:\Users\user\AppData\Local\Programs\Python\Python38\lib\http\server.py", line 394, in handle_one_request
    self.raw_requestline = self.rfile.readline(65537)
  File "C:\Users\user\AppData\Local\Programs\Python\Python38\lib\socket.py", line 669, in readinto
    return self._sock.recv_into(b)
ConnectionAbortedError: [WinError 10053] An established connection was aborted by the software in your host machine
----------------------------------------
----------------------------------------
Exception happened during processing of request from ('127.0.0.1', 51352)
Traceback (most recent call last):
  File "C:\Users\user\AppData\Local\Programs\Python\Python38\lib\socketserver.py", line 650, in process_request_thread
    self.finish_request(request, client_address)
  File "C:\Users\user\AppData\Local\Programs\Python\Python38\lib\socketserver.py", line 360, in finish_request
    self.RequestHandlerClass(request, client_address, self)
  File "C:\Users\user\AppData\Local\Programs\Python\Python38\lib\socketserver.py", line 720, in __init__
    self.handle()
  File "C:\Users\user\AppData\Local\Programs\Python\Python38\lib\http\server.py", line 428, in handle
    self.handle_one_request()
  File "C:\Users\user\AppData\Local\Programs\Python\Python38\lib\http\server.py", line 394, in handle_one_request
    self.raw_requestline = self.rfile.readline(65537)
  File "C:\Users\user\AppData\Local\Programs\Python\Python38\lib\socket.py", line 669, in readinto
    return self._sock.recv_into(b)
ConnectionAbortedError: [WinError 10053] An established connection was aborted by the software in your host machine
----------------------------------------
----------------------------------------
Exception happened during processing of request from ('127.0.0.1', 53467)
Traceback (most recent call last):
  File "C:\Users\user\AppData\Local\Programs\Python\Python38\lib\socketserver.py", line 650, in process_request_thread
    self.finish_request(request, client_address)
  File "C:\Users\user\AppData\Local\Programs\Python\Python38\lib\socketserver.py", line 360, in finish_request
    self.RequestHandlerClass(request, client_address, self)
  File "C:\Users\user\AppData\Local\Programs\Python\Python38\lib\socketserver.py", line 720, in __init__
    self.handle()
  File "C:\Users\user\AppData\Local\Programs\Python\Python38\lib\http\server.py", line 428, in handle
    self.handle_one_request()
  File "C:\Users\user\AppData\Local\Programs\Python\Python38\lib\http\server.py", line 394, in handle_one_request
    self.raw_requestline = self.rfile.readline(65537)
  File "C:\Users\user\AppData\Local\Programs\Python\Python38\lib\socket.py", line 669, in readinto
    return self._sock.recv_into(b)
ConnectionAbortedError: [WinError 10053] An established connection was aborted by the software in your host machine
----------------------------------------
----------------------------------------
Exception happened during processing of request from ('127.0.0.1', 54041)
Traceback (most recent call last):
  File "C:\Users\user\AppData\Local\Programs\Python\Python38\lib\socketserver.py", line 650, in process_request_thread
    self.finish_request(request, client_address)
  File "C:\Users\user\AppData\Local\Programs\Python\Python38\lib\socketserver.py", line 360, in finish_request
    self.RequestHandlerClass(request, client_address, self)
  File "C:\Users\user\AppData\Local\Programs\Python\Python38\lib\socketserver.py", line 720, in __init__
    self.handle()
  File "C:\Users\user\AppData\Local\Programs\Python\Python38\lib\http\server.py", line 428, in handle
    self.handle_one_request()
  File "C:\Users\user\AppData\Local\Programs\Python\Python38\lib\http\server.py", line 394, in handle_one_request
    self.raw_requestline = self.rfile.readline(65537)
  File "C:\Users\user\AppData\Local\Programs\Python\Python38\lib\socket.py", line 669, in readinto
    return self._sock.recv_into(b)
ConnectionAbortedError: [WinError 10053] An established connection was aborted by the software in your host machine
----------------------------------------
----------------------------------------
Exception happened during processing of request from ('127.0.0.1', 54167)
Traceback (most recent call last):
  File "C:\Users\user\AppData\Local\Programs\Python\Python38\lib\socketserver.py", line 650, in process_request_thread
    self.finish_request(request, client_address)
  File "C:\Users\user\AppData\Local\Programs\Python\Python38\lib\socketserver.py", line 360, in finish_request
    self.RequestHandlerClass(request, client_address, self)
  File "C:\Users\user\AppData\Local\Programs\Python\Python38\lib\socketserver.py", line 720, in __init__
    self.handle()
  File "C:\Users\user\AppData\Local\Programs\Python\Python38\lib\http\server.py", line 428, in handle
    self.handle_one_request()
  File "C:\Users\user\AppData\Local\Programs\Python\Python38\lib\http\server.py", line 394, in handle_one_request
    self.raw_requestline = self.rfile.readline(65537)
  File "C:\Users\user\AppData\Local\Programs\Python\Python38\lib\socket.py", line 669, in readinto
    return self._sock.recv_into(b)
ConnectionAbortedError: [WinError 10053] An established connection was aborted by the software in your host machine
----------------------------------------
----------------------------------------
Exception happened during processing of request from ('127.0.0.1', 56681)
Traceback (most recent call last):
  File "C:\Users\user\AppData\Local\Programs\Python\Python38\lib\socketserver.py", line 650, in process_request_thread
    self.finish_request(request, client_address)
  File "C:\Users\user\AppData\Local\Programs\Python\Python38\lib\socketserver.py", line 360, in finish_request
    self.RequestHandlerClass(request, client_address, self)
  File "C:\Users\user\AppData\Local\Programs\Python\Python38\lib\socketserver.py", line 720, in __init__
    self.handle()
  File "C:\Users\user\AppData\Local\Programs\Python\Python38\lib\http\server.py", line 428, in handle
    self.handle_one_request()
  File "C:\Users\user\AppData\Local\Programs\Python\Python38\lib\http\server.py", line 394, in handle_one_request
    self.raw_requestline = self.rfile.readline(65537)
  File "C:\Users\user\AppData\Local\Programs\Python\Python38\lib\socket.py", line 669, in readinto
    return self._sock.recv_into(b)
ConnectionAbortedError: [WinError 10053] An established connection was aborted by the software in your host machine
----------------------------------------
----------------------------------------
Exception happened during processing of request from ('127.0.0.1', 56778)
Traceback (most recent call last):
  File "C:\Users\user\AppData\Local\Programs\Python\Python38\lib\socketserver.py", line 650, in process_request_thread
    self.finish_request(request, client_address)
  File "C:\Users\user\AppData\Local\Programs\Python\Python38\lib\socketserver.py", line 360, in finish_request
    self.RequestHandlerClass(request, client_address, self)
  File "C:\Users\user\AppData\Local\Programs\Python\Python38\lib\socketserver.py", line 720, in __init__
    self.handle()
  File "C:\Users\user\AppData\Local\Programs\Python\Python38\lib\http\server.py", line 428, in handle
    self.handle_one_request()
  File "C:\Users\user\AppData\Local\Programs\Python\Python38\lib\http\server.py", line 394, in handle_one_request
    self.raw_requestline = self.rfile.readline(65537)
  File "C:\Users\user\AppData\Local\Programs\Python\Python38\lib\socket.py", line 669, in readinto
    return self._sock.recv_into(b)
ConnectionAbortedError: [WinError 10053] An established connection was aborted by the software in your host machine
----------------------------------------
----------------------------------------
Exception happened during processing of request from ('127.0.0.1', 58574)
Traceback (most recent call last):
  File "C:\Users\user\AppData\Local\Programs\Python\Python38\lib\socketserver.py", line 650, in process_request_thread
    self.finish_request(request, client_address)
  File "C:\Users\user\AppData\Local\Programs\Python\Python38\lib\socketserver.py", line 360, in finish_request
    self.RequestHandlerClass(request, client_address, self)
  File "C:\Users\user\AppData\Local\Programs\Python\Python38\lib\socketserver.py", line 720, in __init__
    self.handle()
  File "C:\Users\user\AppData\Local\Programs\Python\Python38\lib\http\server.py", line 428, in handle
    self.handle_one_request()
  File "C:\Users\user\AppData\Local\Programs\Python\Python38\lib\http\server.py", line 394, in handle_one_request
    self.raw_requestline = self.rfile.readline(65537)
  File "C:\Users\user\AppData\Local\Programs\Python\Python38\lib\socket.py", line 669, in readinto
    return self._sock.recv_into(b)
ConnectionAbortedError: [WinError 10053] An established connection was aborted by the software in your host machine
----------------------------------------
----------------------------------------
Exception happened during processing of request from ('127.0.0.1', 58623)
Traceback (most recent call last):
  File "C:\Users\user\AppData\Local\Programs\Python\Python38\lib\socketserver.py", line 650, in process_request_thread
    self.finish_request(request, client_address)
  File "C:\Users\user\AppData\Local\Programs\Python\Python38\lib\socketserver.py", line 360, in finish_request
    self.RequestHandlerClass(request, client_address, self)
  File "C:\Users\user\AppData\Local\Programs\Python\Python38\lib\socketserver.py", line 720, in __init__
    self.handle()
  File "C:\Users\user\AppData\Local\Programs\Python\Python38\lib\http\server.py", line 428, in handle
    self.handle_one_request()
  File "C:\Users\user\AppData\Local\Programs\Python\Python38\lib\http\server.py", line 394, in handle_one_request
    self.raw_requestline = self.rfile.readline(65537)
  File "C:\Users\user\AppData\Local\Programs\Python\Python38\lib\socket.py", line 669, in readinto
    return self._sock.recv_into(b)
ConnectionAbortedError: [WinError 10053] An established connection was aborted by the software in your host machine
----------------------------------------
----------------------------------------
Exception happened during processing of request from ('127.0.0.1', 58895)
Traceback (most recent call last):
  File "C:\Users\user\AppData\Local\Programs\Python\Python38\lib\socketserver.py", line 650, in process_request_thread
    self.finish_request(request, client_address)
  File "C:\Users\user\AppData\Local\Programs\Python\Python38\lib\socketserver.py", line 360, in finish_request
    self.RequestHandlerClass(request, client_address, self)
  File "C:\Users\user\AppData\Local\Programs\Python\Python38\lib\socketserver.py", line 720, in __init__
    self.handle()
  File "C:\Users\user\AppData\Local\Programs\Python\Python38\lib\http\server.py", line 428, in handle
    self.handle_one_request()
  File "C:\Users\user\AppData\Local\Programs\Python\Python38\lib\http\server.py", line 394, in handle_one_request
    self.raw_requestline = self.rfile.readline(65537)
  File "C:\Users\user\AppData\Local\Programs\Python\Python38\lib\socket.py", line 669, in readinto
    return self._sock.recv_into(b)
ConnectionAbortedError: [WinError 10053] An established connection was aborted by the software in your host machine
----------------------------------------
----------------------------------------
Exception happened during processing of request from ('127.0.0.1', 59687)
Traceback (most recent call last):
  File "C:\Users\user\AppData\Local\Programs\Python\Python38\lib\socketserver.py", line 650, in process_request_thread
    self.finish_request(request, client_address)
  File "C:\Users\user\AppData\Local\Programs\Python\Python38\lib\socketserver.py", line 360, in finish_request
    self.RequestHandlerClass(request, client_address, self)
  File "C:\Users\user\AppData\Local\Programs\Python\Python38\lib\socketserver.py", line 720, in __init__
    self.handle()
  File "C:\Users\user\AppData\Local\Programs\Python\Python38\lib\http\server.py", line 428, in handle
    self.handle_one_request()
  File "C:\Users\user\AppData\Local\Programs\Python\Python38\lib\http\server.py", line 394, in handle_one_request
    self.raw_requestline = self.rfile.readline(65537)
  File "C:\Users\user\AppData\Local\Programs\Python\Python38\lib\socket.py", line 669, in readinto
    return self._sock.recv_into(b)
ConnectionAbortedError: [WinError 10053] An established connection was aborted by the software in your host machine
----------------------------------------
----------------------------------------
Exception happened during processing of request from ('127.0.0.1', 60841)
Traceback (most recent call last):
  File "C:\Users\user\AppData\Local\Programs\Python\Python38\lib\socketserver.py", line 650, in process_request_thread
    self.finish_request(request, client_address)
  File "C:\Users\user\AppData\Local\Programs\Python\Python38\lib\socketserver.py", line 360, in finish_request
    self.RequestHandlerClass(request, client_address, self)
  File "C:\Users\user\AppData\Local\Programs\Python\Python38\lib\socketserver.py", line 720, in __init__
    self.handle()
  File "C:\Users\user\AppData\Local\Programs\Python\Python38\lib\http\server.py", line 428, in handle
    self.handle_one_request()
  File "C:\Users\user\AppData\Local\Programs\Python\Python38\lib\http\server.py", line 394, in handle_one_request
    self.raw_requestline = self.rfile.readline(65537)
  File "C:\Users\user\AppData\Local\Programs\Python\Python38\lib\socket.py", line 669, in readinto
    return self._sock.recv_into(b)
ConnectionAbortedError: [WinError 10053] An established connection was aborted by the software in your host machine
----------------------------------------
----------------------------------------
Exception happened during processing of request from ('127.0.0.1', 51649)
Traceback (most recent call last):
  File "C:\Users\user\AppData\Local\Programs\Python\Python38\lib\socketserver.py", line 650, in process_request_thread
    self.finish_request(request, client_address)
  File "C:\Users\user\AppData\Local\Programs\Python\Python38\lib\socketserver.py", line 360, in finish_request
    self.RequestHandlerClass(request, client_address, self)
  File "C:\Users\user\AppData\Local\Programs\Python\Python38\lib\socketserver.py", line 720, in __init__
    self.handle()
  File "C:\Users\user\AppData\Local\Programs\Python\Python38\lib\http\server.py", line 428, in handle
    self.handle_one_request()
  File "C:\Users\user\AppData\Local\Programs\Python\Python38\lib\http\server.py", line 394, in handle_one_request
    self.raw_requestline = self.rfile.readline(65537)
  File "C:\Users\user\AppData\Local\Programs\Python\Python38\lib\socket.py", line 669, in readinto
    return self._sock.recv_into(b)
ConnectionAbortedError: [WinError 10053] An established connection was aborted by the software in your host machine
----------------------------------------
----------------------------------------
Exception happened during processing of request from ('127.0.0.1', 51809)
Traceback (most recent call last):
  File "C:\Users\user\AppData\Local\Programs\Python\Python38\lib\socketserver.py", line 650, in process_request_thread
    self.finish_request(request, client_address)
  File "C:\Users\user\AppData\Local\Programs\Python\Python38\lib\socketserver.py", line 360, in finish_request
    self.RequestHandlerClass(request, client_address, self)
  File "C:\Users\user\AppData\Local\Programs\Python\Python38\lib\socketserver.py", line 720, in __init__
    self.handle()
  File "C:\Users\user\AppData\Local\Programs\Python\Python38\lib\http\server.py", line 428, in handle
    self.handle_one_request()
  File "C:\Users\user\AppData\Local\Programs\Python\Python38\lib\http\server.py", line 394, in handle_one_request
    self.raw_requestline = self.rfile.readline(65537)
  File "C:\Users\user\AppData\Local\Programs\Python\Python38\lib\socket.py", line 669, in readinto
    return self._sock.recv_into(b)
ConnectionAbortedError: [WinError 10053] An established connection was aborted by the software in your host machine
----------------------------------------
----------------------------------------
Exception happened during processing of request from ('127.0.0.1', 51863)
Traceback (most recent call last):
  File "C:\Users\user\AppData\Local\Programs\Python\Python38\lib\socketserver.py", line 650, in process_request_thread
    self.finish_request(request, client_address)
  File "C:\Users\user\AppData\Local\Programs\Python\Python38\lib\socketserver.py", line 360, in finish_request
    self.RequestHandlerClass(request, client_address, self)
  File "C:\Users\user\AppData\Local\Programs\Python\Python38\lib\socketserver.py", line 720, in __init__
    self.handle()
  File "C:\Users\user\AppData\Local\Programs\Python\Python38\lib\http\server.py", line 428, in handle
    self.handle_one_request()
  File "C:\Users\user\AppData\Local\Programs\Python\Python38\lib\http\server.py", line 394, in handle_one_request
    self.raw_requestline = self.rfile.readline(65537)
  File "C:\Users\user\AppData\Local\Programs\Python\Python38\lib\socket.py", line 669, in readinto
    return self._sock.recv_into(b)
ConnectionAbortedError: [WinError 10053] An established connection was aborted by the software in your host machine
----------------------------------------
----------------------------------------
Exception happened during processing of request from ('127.0.0.1', 52160)
Traceback (most recent call last):
  File "C:\Users\user\AppData\Local\Programs\Python\Python38\lib\socketserver.py", line 650, in process_request_thread
    self.finish_request(request, client_address)
  File "C:\Users\user\AppData\Local\Programs\Python\Python38\lib\socketserver.py", line 360, in finish_request
    self.RequestHandlerClass(request, client_address, self)
  File "C:\Users\user\AppData\Local\Programs\Python\Python38\lib\socketserver.py", line 720, in __init__
    self.handle()
  File "C:\Users\user\AppData\Local\Programs\Python\Python38\lib\http\server.py", line 428, in handle
    self.handle_one_request()
  File "C:\Users\user\AppData\Local\Programs\Python\Python38\lib\http\server.py", line 394, in handle_one_request
    self.raw_requestline = self.rfile.readline(65537)
  File "C:\Users\user\AppData\Local\Programs\Python\Python38\lib\socket.py", line 669, in readinto
    return self._sock.recv_into(b)
ConnectionAbortedError: [WinError 10053] An established connection was aborted by the software in your host machine
----------------------------------------
----------------------------------------
Exception happened during processing of request from ('127.0.0.1', 52294)
Traceback (most recent call last):
  File "C:\Users\user\AppData\Local\Programs\Python\Python38\lib\socketserver.py", line 650, in process_request_thread
    self.finish_request(request, client_address)
  File "C:\Users\user\AppData\Local\Programs\Python\Python38\lib\socketserver.py", line 360, in finish_request
    self.RequestHandlerClass(request, client_address, self)
  File "C:\Users\user\AppData\Local\Programs\Python\Python38\lib\socketserver.py", line 720, in __init__
    self.handle()
  File "C:\Users\user\AppData\Local\Programs\Python\Python38\lib\http\server.py", line 428, in handle
    self.handle_one_request()
  File "C:\Users\user\AppData\Local\Programs\Python\Python38\lib\http\server.py", line 394, in handle_one_request
    self.raw_requestline = self.rfile.readline(65537)
  File "C:\Users\user\AppData\Local\Programs\Python\Python38\lib\socket.py", line 669, in readinto
    return self._sock.recv_into(b)
ConnectionAbortedError: [WinError 10053] An established connection was aborted by the software in your host machine
----------------------------------------
----------------------------------------
Exception happened during processing of request from ('127.0.0.1', 52936)
Traceback (most recent call last):
  File "C:\Users\user\AppData\Local\Programs\Python\Python38\lib\socketserver.py", line 650, in process_request_thread
    self.finish_request(request, client_address)
  File "C:\Users\user\AppData\Local\Programs\Python\Python38\lib\socketserver.py", line 360, in finish_request
    self.RequestHandlerClass(request, client_address, self)
  File "C:\Users\user\AppData\Local\Programs\Python\Python38\lib\socketserver.py", line 720, in __init__
    self.handle()
  File "C:\Users\user\AppData\Local\Programs\Python\Python38\lib\http\server.py", line 428, in handle
    self.handle_one_request()
  File "C:\Users\user\AppData\Local\Programs\Python\Python38\lib\http\server.py", line 394, in handle_one_request
    self.raw_requestline = self.rfile.readline(65537)
  File "C:\Users\user\AppData\Local\Programs\Python\Python38\lib\socket.py", line 669, in readinto
    return self._sock.recv_into(b)
ConnectionAbortedError: [WinError 10053] An established connection was aborted by the software in your host machine
----------------------------------------
----------------------------------------
Exception happened during processing of request from ('127.0.0.1', 53135)
Traceback (most recent call last):
  File "C:\Users\user\AppData\Local\Programs\Python\Python38\lib\socketserver.py", line 650, in process_request_thread
    self.finish_request(request, client_address)
  File "C:\Users\user\AppData\Local\Programs\Python\Python38\lib\socketserver.py", line 360, in finish_request
    self.RequestHandlerClass(request, client_address, self)
  File "C:\Users\user\AppData\Local\Programs\Python\Python38\lib\socketserver.py", line 720, in __init__
    self.handle()
  File "C:\Users\user\AppData\Local\Programs\Python\Python38\lib\http\server.py", line 428, in handle
    self.handle_one_request()
  File "C:\Users\user\AppData\Local\Programs\Python\Python38\lib\http\server.py", line 394, in handle_one_request
    self.raw_requestline = self.rfile.readline(65537)
  File "C:\Users\user\AppData\Local\Programs\Python\Python38\lib\socket.py", line 669, in readinto
    return self._sock.recv_into(b)
ConnectionAbortedError: [WinError 10053] An established connection was aborted by the software in your host machine
----------------------------------------
----------------------------------------
Exception happened during processing of request from ('127.0.0.1', 54399)
Traceback (most recent call last):
  File "C:\Users\user\AppData\Local\Programs\Python\Python38\lib\socketserver.py", line 650, in process_request_thread
    self.finish_request(request, client_address)
  File "C:\Users\user\AppData\Local\Programs\Python\Python38\lib\socketserver.py", line 360, in finish_request
    self.RequestHandlerClass(request, client_address, self)
  File "C:\Users\user\AppData\Local\Programs\Python\Python38\lib\socketserver.py", line 720, in __init__
    self.handle()
  File "C:\Users\user\AppData\Local\Programs\Python\Python38\lib\http\server.py", line 428, in handle
    self.handle_one_request()
  File "C:\Users\user\AppData\Local\Programs\Python\Python38\lib\http\server.py", line 394, in handle_one_request
    self.raw_requestline = self.rfile.readline(65537)
  File "C:\Users\user\AppData\Local\Programs\Python\Python38\lib\socket.py", line 669, in readinto
    return self._sock.recv_into(b)
ConnectionAbortedError: [WinError 10053] An established connection was aborted by the software in your host machine
----------------------------------------
----------------------------------------
Exception happened during processing of request from ('127.0.0.1', 56209)
Traceback (most recent call last):
  File "C:\Users\user\AppData\Local\Programs\Python\Python38\lib\socketserver.py", line 650, in process_request_thread
    self.finish_request(request, client_address)
  File "C:\Users\user\AppData\Local\Programs\Python\Python38\lib\socketserver.py", line 360, in finish_request
    self.RequestHandlerClass(request, client_address, self)
  File "C:\Users\user\AppData\Local\Programs\Python\Python38\lib\socketserver.py", line 720, in __init__
    self.handle()
  File "C:\Users\user\AppData\Local\Programs\Python\Python38\lib\http\server.py", line 428, in handle
    self.handle_one_request()
  File "C:\Users\user\AppData\Local\Programs\Python\Python38\lib\http\server.py", line 394, in handle_one_request
    self.raw_requestline = self.rfile.readline(65537)
  File "C:\Users\user\AppData\Local\Programs\Python\Python38\lib\socket.py", line 669, in readinto
    return self._sock.recv_into(b)
ConnectionAbortedError: [WinError 10053] An established connection was aborted by the software in your host machine
----------------------------------------
----------------------------------------
Exception happened during processing of request from ('127.0.0.1', 56514)
Traceback (most recent call last):
  File "C:\Users\user\AppData\Local\Programs\Python\Python38\lib\socketserver.py", line 650, in process_request_thread
    self.finish_request(request, client_address)
  File "C:\Users\user\AppData\Local\Programs\Python\Python38\lib\socketserver.py", line 360, in finish_request
    self.RequestHandlerClass(request, client_address, self)
  File "C:\Users\user\AppData\Local\Programs\Python\Python38\lib\socketserver.py", line 720, in __init__
    self.handle()
  File "C:\Users\user\AppData\Local\Programs\Python\Python38\lib\http\server.py", line 428, in handle
    self.handle_one_request()
  File "C:\Users\user\AppData\Local\Programs\Python\Python38\lib\http\server.py", line 394, in handle_one_request
    self.raw_requestline = self.rfile.readline(65537)
  File "C:\Users\user\AppData\Local\Programs\Python\Python38\lib\socket.py", line 669, in readinto
    return self._sock.recv_into(b)
ConnectionAbortedError: [WinError 10053] An established connection was aborted by the software in your host machine
----------------------------------------
----------------------------------------
Exception happened during processing of request from ('127.0.0.1', 57897)
Traceback (most recent call last):
  File "C:\Users\user\AppData\Local\Programs\Python\Python38\lib\socketserver.py", line 650, in process_request_thread
    self.finish_request(request, client_address)
  File "C:\Users\user\AppData\Local\Programs\Python\Python38\lib\socketserver.py", line 360, in finish_request
    self.RequestHandlerClass(request, client_address, self)
  File "C:\Users\user\AppData\Local\Programs\Python\Python38\lib\socketserver.py", line 720, in __init__
    self.handle()
  File "C:\Users\user\AppData\Local\Programs\Python\Python38\lib\http\server.py", line 428, in handle
    self.handle_one_request()
  File "C:\Users\user\AppData\Local\Programs\Python\Python38\lib\http\server.py", line 394, in handle_one_request
    self.raw_requestline = self.rfile.readline(65537)
  File "C:\Users\user\AppData\Local\Programs\Python\Python38\lib\socket.py", line 669, in readinto
    return self._sock.recv_into(b)
ConnectionAbortedError: [WinError 10053] An established connection was aborted by the software in your host machine
----------------------------------------
----------------------------------------
Exception happened during processing of request from ('127.0.0.1', 58120)
Traceback (most recent call last):
  File "C:\Users\user\AppData\Local\Programs\Python\Python38\lib\socketserver.py", line 650, in process_request_thread
    self.finish_request(request, client_address)
  File "C:\Users\user\AppData\Local\Programs\Python\Python38\lib\socketserver.py", line 360, in finish_request
    self.RequestHandlerClass(request, client_address, self)
  File "C:\Users\user\AppData\Local\Programs\Python\Python38\lib\socketserver.py", line 720, in __init__
    self.handle()
  File "C:\Users\user\AppData\Local\Programs\Python\Python38\lib\http\server.py", line 428, in handle
    self.handle_one_request()
  File "C:\Users\user\AppData\Local\Programs\Python\Python38\lib\http\server.py", line 394, in handle_one_request
    self.raw_requestline = self.rfile.readline(65537)
  File "C:\Users\user\AppData\Local\Programs\Python\Python38\lib\socket.py", line 669, in readinto
    return self._sock.recv_into(b)
ConnectionAbortedError: [WinError 10053] An established connection was aborted by the software in your host machine
----------------------------------------
----------------------------------------
Exception happened during processing of request from ('127.0.0.1', 58632)
Traceback (most recent call last):
  File "C:\Users\user\AppData\Local\Programs\Python\Python38\lib\socketserver.py", line 650, in process_request_thread
    self.finish_request(request, client_address)
  File "C:\Users\user\AppData\Local\Programs\Python\Python38\lib\socketserver.py", line 360, in finish_request
    self.RequestHandlerClass(request, client_address, self)
  File "C:\Users\user\AppData\Local\Programs\Python\Python38\lib\socketserver.py", line 720, in __init__
    self.handle()
  File "C:\Users\user\AppData\Local\Programs\Python\Python38\lib\http\server.py", line 428, in handle
    self.handle_one_request()
  File "C:\Users\user\AppData\Local\Programs\Python\Python38\lib\http\server.py", line 394, in handle_one_request
    self.raw_requestline = self.rfile.readline(65537)
  File "C:\Users\user\AppData\Local\Programs\Python\Python38\lib\socket.py", line 669, in readinto
    return self._sock.recv_into(b)
ConnectionAbortedError: [WinError 10053] An established connection was aborted by the software in your host machine
----------------------------------------
----------------------------------------
Exception happened during processing of request from ('127.0.0.1', 58709)
Traceback (most recent call last):
  File "C:\Users\user\AppData\Local\Programs\Python\Python38\lib\socketserver.py", line 650, in process_request_thread
    self.finish_request(request, client_address)
  File "C:\Users\user\AppData\Local\Programs\Python\Python38\lib\socketserver.py", line 360, in finish_request
    self.RequestHandlerClass(request, client_address, self)
  File "C:\Users\user\AppData\Local\Programs\Python\Python38\lib\socketserver.py", line 720, in __init__
    self.handle()
